\BOOKMARK [1][-]{section.1}{\376\377\000I\000n\000t\000r\000o\000d\000u\000c\000t\000i\000o\000n}{}% 1
\BOOKMARK [1][-]{section.2}{\376\377\000G\000R\000B\000\040\000o\000b\000s\000e\000r\000v\000a\000t\000i\000o\000n\000s}{}% 2
\BOOKMARK [2][-]{subsection.2.1}{\376\377\000G\000R\000B\0000\0008\0000\0009\0001\0006\000C}{section.2}% 3
\BOOKMARK [2][-]{subsection.2.2}{\376\377\000G\000R\000B\0001\0001\0000\0007\0002\0001\000A}{section.2}% 4
\BOOKMARK [2][-]{subsection.2.3}{\376\377\000G\000R\000B\0001\0001\0000\0007\0003\0001\000A}{section.2}% 5
\BOOKMARK [2][-]{subsection.2.4}{\376\377\000G\000R\000B\0001\0005\0000\0002\0001\0000\000A}{section.2}% 6
\BOOKMARK [1][-]{section.3}{\376\377\000D\000a\000t\000a\000\040\000p\000r\000e\000p\000a\000r\000a\000t\000i\000o\000n\000\040\000a\000n\000d\000\040\000a\000n\000a\000l\000y\000s\000i\000s}{}% 7
\BOOKMARK [2][-]{subsection.3.1}{\376\377\000G\000B\000M\000\040\000d\000a\000t\000a}{section.3}% 8
\BOOKMARK [3][-]{subsubsection.3.1.1}{\376\377\000G\000R\000B\0000\0008\0000\0009\0001\0006\000C}{subsection.3.1}% 9
\BOOKMARK [3][-]{subsubsection.3.1.2}{\376\377\000G\000R\000B\0001\0001\0000\0007\0002\0001\000A}{subsection.3.1}% 10
\BOOKMARK [3][-]{subsubsection.3.1.3}{\376\377\000G\000R\000B\0001\0001\0000\0007\0003\0001\000A}{subsection.3.1}% 11
\BOOKMARK [3][-]{subsubsection.3.1.4}{\376\377\000G\000R\000B\0001\0005\0000\0002\0001\0000\000A}{subsection.3.1}% 12
\BOOKMARK [1][-]{section.4}{\376\377\000P\000h\000y\000s\000i\000c\000s\000\040\000c\000a\000l\000c\000u\000l\000a\000t\000i\000o\000n\000s}{}% 13
\BOOKMARK [2][-]{subsection.4.1}{\376\377\000Y\000o\000n\000e\000t\000o\000k\000u\000\040\000r\000e\000l\000a\000t\000i\000o\000n\000s\000h\000i\000p}{section.4}% 14
\BOOKMARK [2][-]{subsection.4.2}{\376\377\000A\000m\000a\000t\000i\000\040\000r\000e\000l\000a\000t\000i\000o\000n\000s\000h\000i\000p}{section.4}% 15
\BOOKMARK [2][-]{subsection.4.3}{\376\377\000I\000s\000o\000t\000r\000o\000p\000i\000c\000\040\000e\000n\000e\000r\000g\000y\000\040\000c\000a\000l\000c\000u\000l\000a\000t\000i\000o\000n\000s}{section.4}% 16
\BOOKMARK [2][-]{subsection.4.4}{\376\377\000g\000a\000m\000m\000a\000-\000g\000a\000m\000m\000a\000\040\000o\000p\000a\000c\000i\000t\000y\000\040\000c\000a\000l\000c\000u\000l\000a\000t\000i\000o\000n\000s}{section.4}% 17
\BOOKMARK [2][-]{subsection.4.5}{\376\377\000L\000o\000r\000e\000n\000t\000z\000\040\000f\000a\000c\000t\000o\000r\000\040\000c\000a\000l\000c\000u\000l\000a\000t\000i\000o\000n\000s}{section.4}% 18
\BOOKMARK [2][-]{subsection.4.6}{\376\377\000h\000a\000r\000d\000n\000e\000s\000s\000-\000t\000o\000-\000s\000o\000f\000t\000n\000e\000s\000s\000\040\000r\000a\000t\000i\000o}{section.4}% 19
\BOOKMARK [1][-]{appendix.A}{\376\377\000G\000R\000B\000\040\000p\000a\000r\000a\000m\000e\000t\000e\000r\000s}{}% 20
\BOOKMARK [2][-]{subsection.A.1}{\376\377\000G\000R\000B\0000\0008\0000\0009\0001\0006\000C}{appendix.A}% 21
\BOOKMARK [2][-]{subsection.A.2}{\376\377\000G\000R\000B\0001\0005\0000\0002\0001\0000\000A}{appendix.A}% 22
